{"name": "Verify HomPage Title", "status": "broken", "statusDetails": {"message": "selenium.common.exceptions.NoSuchElementException: Message: no such element: Unable to locate element: {\"method\":\"xpath\",\"selector\":\"//p[@class='site-titl']//a\"}\n  (Session info: chrome=117.0.5938.132); For documentation on this error, please visit: https://www.selenium.dev/documentation/webdriver/troubleshooting/errors#no-such-element-exception\nStacktrace:\n\tGetHandleVerifier [0x0085CEB3+45171]\n\t(No symbol) [0x007E9101]\n\t(No symbol) [0x006DBE1D]\n\t(No symbol) [0x0070ED40]\n\t(No symbol) [0x0070F20B]\n\t(No symbol) [0x0073F692]\n\t(No symbol) [0x0072B094]\n\t(No symbol) [0x0073DCFA]\n\t(No symbol) [0x0072AE46]\n\t(No symbol) [0x0070675E]\n\t(No symbol) [0x007078FD]\n\tGetHandleVerifier [0x00B154B9+2897529]\n\tGetHandleVerifier [0x00B5DC6B+3194411]\n\tGetHandleVerifier [0x00B57A41+3169281]\n\tGetHandleVerifier [0x008E6130+606960]\n\t(No symbol) [0x007F2E7C]\n\t(No symbol) [0x007EF008]\n\t(No symbol) [0x007EF12F]\n\t(No symbol) [0x007E1827]\n\tBaseThreadInitThunk [0x7669FCC9+25]\n\tRtlGetAppContainerNamedObjectPath [0x76F47B1E+286]\n\tRtlGetAppContainerNamedObjectPath [0x76F47AEE+238]\n\n", "trace": "  File \"C:\\Users\\avis_\\PycharmProjects\\SeleniumPythonBehave\\venv\\Lib\\site-packages\\behave\\model.py\", line 1329, in run\n    match.run(runner.context)\n  File \"C:\\Users\\avis_\\PycharmProjects\\SeleniumPythonBehave\\venv\\Lib\\site-packages\\behave\\matchers.py\", line 98, in run\n    self.func(context, *args, **kwargs)\n  File \"features\\steps\\homesteps.py\", line 23, in verifyhomepagetitle\n    HomePage(context.driver).verify_title()\n  File \"C:\\Users\\avis_\\PycharmProjects\\SeleniumPythonBehave\\Pages\\HomePage.py\", line 22, in verify_title\n    actual_text = self.driver.find_element(\"xpath\", \"//p[@class='site-titl']//a\").text\n                  ^^^^^^^^^^^^^^^^^^^^^^^^^^^^^^^^^^^^^^^^^^^^^^^^^^^^^^^^^^^^^^^\n  File \"C:\\Users\\avis_\\PycharmProjects\\SeleniumPythonBehave\\venv\\Lib\\site-packages\\selenium\\webdriver\\remote\\webdriver.py\", line 738, in find_element\n    return self.execute(Command.FIND_ELEMENT, {\"using\": by, \"value\": value})[\"value\"]\n           ^^^^^^^^^^^^^^^^^^^^^^^^^^^^^^^^^^^^^^^^^^^^^^^^^^^^^^^^^^^^^^^^^\n  File \"C:\\Users\\avis_\\PycharmProjects\\SeleniumPythonBehave\\venv\\Lib\\site-packages\\selenium\\webdriver\\remote\\webdriver.py\", line 344, in execute\n    self.error_handler.check_response(response)\n  File \"C:\\Users\\avis_\\PycharmProjects\\SeleniumPythonBehave\\venv\\Lib\\site-packages\\selenium\\webdriver\\remote\\errorhandler.py\", line 229, in check_response\n    raise exception_class(message, screen, stacktrace)\n"}, "steps": [{"name": "Given open homepage url", "status": "passed", "start": 1696256804734, "stop": 1696257072832}, {"name": "When check homepage", "status": "passed", "start": 1696257072832, "stop": 1696257075872}, {"name": "Then verify homepage title", "status": "broken", "statusDetails": {"message": "selenium.common.exceptions.NoSuchElementException: Message: no such element: Unable to locate element: {\"method\":\"xpath\",\"selector\":\"//p[@class='site-titl']//a\"}\n  (Session info: chrome=117.0.5938.132); For documentation on this error, please visit: https://www.selenium.dev/documentation/webdriver/troubleshooting/errors#no-such-element-exception\nStacktrace:\n\tGetHandleVerifier [0x0085CEB3+45171]\n\t(No symbol) [0x007E9101]\n\t(No symbol) [0x006DBE1D]\n\t(No symbol) [0x0070ED40]\n\t(No symbol) [0x0070F20B]\n\t(No symbol) [0x0073F692]\n\t(No symbol) [0x0072B094]\n\t(No symbol) [0x0073DCFA]\n\t(No symbol) [0x0072AE46]\n\t(No symbol) [0x0070675E]\n\t(No symbol) [0x007078FD]\n\tGetHandleVerifier [0x00B154B9+2897529]\n\tGetHandleVerifier [0x00B5DC6B+3194411]\n\tGetHandleVerifier [0x00B57A41+3169281]\n\tGetHandleVerifier [0x008E6130+606960]\n\t(No symbol) [0x007F2E7C]\n\t(No symbol) [0x007EF008]\n\t(No symbol) [0x007EF12F]\n\t(No symbol) [0x007E1827]\n\tBaseThreadInitThunk [0x7669FCC9+25]\n\tRtlGetAppContainerNamedObjectPath [0x76F47B1E+286]\n\tRtlGetAppContainerNamedObjectPath [0x76F47AEE+238]\n\n", "trace": "  File \"C:\\Users\\avis_\\PycharmProjects\\SeleniumPythonBehave\\venv\\Lib\\site-packages\\behave\\model.py\", line 1329, in run\n    match.run(runner.context)\n  File \"C:\\Users\\avis_\\PycharmProjects\\SeleniumPythonBehave\\venv\\Lib\\site-packages\\behave\\matchers.py\", line 98, in run\n    self.func(context, *args, **kwargs)\n  File \"features\\steps\\homesteps.py\", line 23, in verifyhomepagetitle\n    HomePage(context.driver).verify_title()\n  File \"C:\\Users\\avis_\\PycharmProjects\\SeleniumPythonBehave\\Pages\\HomePage.py\", line 22, in verify_title\n    actual_text = self.driver.find_element(\"xpath\", \"//p[@class='site-titl']//a\").text\n                  ^^^^^^^^^^^^^^^^^^^^^^^^^^^^^^^^^^^^^^^^^^^^^^^^^^^^^^^^^^^^^^^\n  File \"C:\\Users\\avis_\\PycharmProjects\\SeleniumPythonBehave\\venv\\Lib\\site-packages\\selenium\\webdriver\\remote\\webdriver.py\", line 738, in find_element\n    return self.execute(Command.FIND_ELEMENT, {\"using\": by, \"value\": value})[\"value\"]\n           ^^^^^^^^^^^^^^^^^^^^^^^^^^^^^^^^^^^^^^^^^^^^^^^^^^^^^^^^^^^^^^^^^\n  File \"C:\\Users\\avis_\\PycharmProjects\\SeleniumPythonBehave\\venv\\Lib\\site-packages\\selenium\\webdriver\\remote\\webdriver.py\", line 344, in execute\n    self.error_handler.check_response(response)\n  File \"C:\\Users\\avis_\\PycharmProjects\\SeleniumPythonBehave\\venv\\Lib\\site-packages\\selenium\\webdriver\\remote\\errorhandler.py\", line 229, in check_response\n    raise exception_class(message, screen, stacktrace)\n"}, "start": 1696257075873, "stop": 1696257075917}], "start": 1696256799025, "stop": 1696257076065, "uuid": "4b3f9e6b-2541-4512-85b8-c24ddd372391", "historyId": "99f1d39a719373cfba52f7786ec063d2", "fullName": "HomePage Feature: Verify HomPage Title", "labels": [{"name": "severity", "value": "normal"}, {"name": "tag", "value": "test"}, {"name": "feature", "value": "HomePage Feature"}, {"name": "framework", "value": "behave"}, {"name": "language", "value": "cpython3"}]}